<?xml version="1.0" encoding="UTF-8"?>
<!-- Generated by org.testng.reporters.JUnitReportReporter -->
<testsuite skipped="0" hostname="lp02830" name="com.ApiFrameWork.Restassured.Assignment" tests="1" failures="0" timestamp="2023-01-02T19:46:21 GMT" time="4.844" errors="0">
  <testcase name="assignmentTest" time="4.844" classname="com.ApiFrameWork.Restassured.Assignment"/>
  <system-out/>
</testsuite> <!-- com.ApiFrameWork.Restassured.Assignment -->
